{"D:\\DEV\\M2\\TestUnitaires\\UnitTestFinalProject\\backend\\src\\connection.ts": {"path":"D:\\DEV\\M2\\TestUnitaires\\UnitTestFinalProject\\backend\\src\\connection.ts","statementMap":{"0":{"start":{"line":1,"column":0},"end":{"line":1,"column":57}},"1":{"start":{"line":3,"column":19},"end":{"line":20,"column":2}},"2":{"start":{"line":5,"column":8},"end":{"line":5,"column":null}},"3":{"start":{"line":9,"column":8},"end":{"line":9,"column":null}},"4":{"start":{"line":13,"column":27},"end":{"line":13,"column":42}},"5":{"start":{"line":14,"column":25},"end":{"line":14,"column":51}},"6":{"start":{"line":15,"column":8},"end":{"line":18,"column":11}},"7":{"start":{"line":15,"column":42},"end":{"line":18,"column":10}},"8":{"start":{"line":16,"column":31},"end":{"line":16,"column":68}},"9":{"start":{"line":17,"column":12},"end":{"line":17,"column":null}},"10":{"start":{"line":21,"column":0},"end":{"line":21,"column":null}}},"fnMap":{"0":{"name":"(anonymous_7)","decl":{"start":{"line":4,"column":10},"end":{"line":4,"column":16}},"loc":{"start":{"line":4,"column":16},"end":{"line":6,"column":null}}},"1":{"name":"(anonymous_9)","decl":{"start":{"line":8,"column":10},"end":{"line":8,"column":15}},"loc":{"start":{"line":8,"column":15},"end":{"line":10,"column":null}}},"2":{"name":"(anonymous_11)","decl":{"start":{"line":12,"column":10},"end":{"line":12,"column":15}},"loc":{"start":{"line":12,"column":15},"end":{"line":19,"column":null}}},"3":{"name":"(anonymous_13)","decl":{"start":{"line":15,"column":25},"end":{"line":15,"column":32}},"loc":{"start":{"line":15,"column":42},"end":{"line":18,"column":10}}},"4":{"name":"(anonymous_14)","decl":{"start":{"line":15,"column":42},"end":{"line":15,"column":null}},"loc":{"start":{"line":15,"column":42},"end":{"line":18,"column":9}}}},"branchMap":{},"s":{"0":2,"1":2,"2":2,"3":2,"4":2,"5":2,"6":2,"7":6,"8":6,"9":6,"10":2},"f":{"0":2,"1":2,"2":2,"3":6,"4":6},"b":{}}
,"D:\\DEV\\M2\\TestUnitaires\\UnitTestFinalProject\\backend\\src\\mockServer.ts": {"path":"D:\\DEV\\M2\\TestUnitaires\\UnitTestFinalProject\\backend\\src\\mockServer.ts","statementMap":{"0":{"start":{"line":1,"column":0},"end":{"line":1,"column":26}},"1":{"start":{"line":2,"column":0},"end":{"line":2,"column":38}},"2":{"start":{"line":4,"column":19},"end":{"line":15,"column":null}},"3":{"start":{"line":8,"column":12},"end":{"line":13,"column":null}},"4":{"start":{"line":18,"column":0},"end":{"line":18,"column":null}}},"fnMap":{"0":{"name":"(anonymous_0)","decl":{"start":{"line":7,"column":8},"end":{"line":7,"column":9}},"loc":{"start":{"line":7,"column":26},"end":{"line":14,"column":9}}}},"branchMap":{},"s":{"0":2,"1":2,"2":2,"3":2,"4":2},"f":{"0":2},"b":{}}
,"D:\\DEV\\M2\\TestUnitaires\\UnitTestFinalProject\\backend\\src\\entities\\cart.ts": {"path":"D:\\DEV\\M2\\TestUnitaires\\UnitTestFinalProject\\backend\\src\\entities\\cart.ts","statementMap":{"0":{"start":{"line":1,"column":0},"end":{"line":1,"column":79}},"1":{"start":{"line":2,"column":0},"end":{"line":2,"column":35}},"2":{"start":{"line":5,"column":0},"end":{"line":15,"column":null}},"3":{"start":{"line":8,"column":4},"end":{"line":8,"column":null}},"4":{"start":{"line":12,"column":4},"end":{"line":12,"column":null}},"5":{"start":{"line":10,"column":22},"end":{"line":10,"column":29}},"6":{"start":{"line":5,"column":13},"end":{"line":15,"column":null}},"7":{"start":{"line":5,"column":13},"end":{"line":5,"column":17}}},"fnMap":{"0":{"name":"(anonymous_2)","decl":{"start":{"line":14,"column":4},"end":{"line":14,"column":20}},"loc":{"start":{"line":14,"column":4},"end":{"line":14,"column":21}}},"1":{"name":"(anonymous_3)","decl":{"start":{"line":10,"column":16},"end":{"line":10,"column":19}},"loc":{"start":{"line":10,"column":22},"end":{"line":10,"column":29}}}},"branchMap":{},"s":{"0":2,"1":2,"2":2,"3":2,"4":2,"5":2,"6":2,"7":2},"f":{"0":15,"1":2},"b":{}}
,"D:\\DEV\\M2\\TestUnitaires\\UnitTestFinalProject\\backend\\src\\entities\\product.ts": {"path":"D:\\DEV\\M2\\TestUnitaires\\UnitTestFinalProject\\backend\\src\\entities\\product.ts","statementMap":{"0":{"start":{"line":1,"column":0},"end":{"line":1,"column":44}},"1":{"start":{"line":2,"column":0},"end":{"line":2,"column":72}},"2":{"start":{"line":6,"column":0},"end":{"line":29,"column":null}},"3":{"start":{"line":9,"column":4},"end":{"line":9,"column":null}},"4":{"start":{"line":13,"column":4},"end":{"line":13,"column":null}},"5":{"start":{"line":17,"column":4},"end":{"line":17,"column":null}},"6":{"start":{"line":21,"column":4},"end":{"line":21,"column":null}},"7":{"start":{"line":25,"column":4},"end":{"line":25,"column":null}},"8":{"start":{"line":6,"column":13},"end":{"line":29,"column":null}},"9":{"start":{"line":6,"column":13},"end":{"line":6,"column":20}}},"fnMap":{"0":{"name":"(anonymous_2)","decl":{"start":{"line":27,"column":4},"end":{"line":27,"column":16}},"loc":{"start":{"line":27,"column":46},"end":{"line":28,"column":5}}}},"branchMap":{"0":{"loc":{"start":{"line":27,"column":16},"end":{"line":27,"column":46}},"type":"default-arg","locations":[{"start":{"line":27,"column":44},"end":{"line":27,"column":46}}]}},"s":{"0":2,"1":2,"2":2,"3":2,"4":2,"5":2,"6":2,"7":2,"8":2,"9":2},"f":{"0":21},"b":{"0":[21]}}
,"D:\\DEV\\M2\\TestUnitaires\\UnitTestFinalProject\\backend\\src\\models\\error\\httpError.ts": {"path":"D:\\DEV\\M2\\TestUnitaires\\UnitTestFinalProject\\backend\\src\\models\\error\\httpError.ts","statementMap":{"0":{"start":{"line":8,"column":4},"end":{"line":8,"column":null}},"1":{"start":{"line":9,"column":4},"end":{"line":9,"column":null}},"2":{"start":{"line":10,"column":4},"end":{"line":10,"column":null}},"3":{"start":{"line":1,"column":0},"end":{"line":1,"column":13}}},"fnMap":{"0":{"name":"(anonymous_0)","decl":{"start":{"line":7,"column":2},"end":{"line":7,"column":14}},"loc":{"start":{"line":7,"column":61},"end":{"line":11,"column":3}}}},"branchMap":{},"s":{"0":4,"1":4,"2":4,"3":2},"f":{"0":4},"b":{}}
,"D:\\DEV\\M2\\TestUnitaires\\UnitTestFinalProject\\backend\\src\\services\\CartService.ts": {"path":"D:\\DEV\\M2\\TestUnitaires\\UnitTestFinalProject\\backend\\src\\services\\CartService.ts","statementMap":{"0":{"start":{"line":1,"column":0},"end":{"line":1,"column":39}},"1":{"start":{"line":2,"column":0},"end":{"line":2,"column":39}},"2":{"start":{"line":4,"column":0},"end":{"line":4,"column":53}},"3":{"start":{"line":5,"column":0},"end":{"line":5,"column":49}},"4":{"start":{"line":7,"column":0},"end":{"line":7,"column":13}},"5":{"start":{"line":9,"column":9},"end":{"line":15,"column":null}},"6":{"start":{"line":9,"column":41},"end":{"line":15,"column":null}},"7":{"start":{"line":10,"column":4},"end":{"line":14,"column":null}},"8":{"start":{"line":11,"column":6},"end":{"line":11,"column":null}},"9":{"start":{"line":13,"column":6},"end":{"line":13,"column":null}},"10":{"start":{"line":17,"column":9},"end":{"line":26,"column":null}},"11":{"start":{"line":17,"column":44},"end":{"line":26,"column":null}},"12":{"start":{"line":18,"column":23},"end":{"line":18,"column":85}},"13":{"start":{"line":19,"column":4},"end":{"line":19,"column":null}},"14":{"start":{"line":19,"column":14},"end":{"line":19,"column":null}},"15":{"start":{"line":20,"column":27},"end":{"line":20,"column":46}},"16":{"start":{"line":21,"column":4},"end":{"line":25,"column":null}},"17":{"start":{"line":22,"column":6},"end":{"line":22,"column":null}},"18":{"start":{"line":24,"column":6},"end":{"line":24,"column":null}},"19":{"start":{"line":28,"column":9},"end":{"line":58,"column":null}},"20":{"start":{"line":28,"column":83},"end":{"line":58,"column":null}},"21":{"start":{"line":29,"column":27},"end":{"line":29,"column":46}},"22":{"start":{"line":31,"column":4},"end":{"line":35,"column":null}},"23":{"start":{"line":32,"column":6},"end":{"line":32,"column":null}},"24":{"start":{"line":34,"column":6},"end":{"line":34,"column":null}},"25":{"start":{"line":37,"column":4},"end":{"line":41,"column":null}},"26":{"start":{"line":38,"column":6},"end":{"line":38,"column":null}},"27":{"start":{"line":40,"column":6},"end":{"line":40,"column":null}},"28":{"start":{"line":43,"column":4},"end":{"line":43,"column":null}},"29":{"start":{"line":43,"column":24},"end":{"line":43,"column":null}},"30":{"start":{"line":45,"column":4},"end":{"line":47,"column":null}},"31":{"start":{"line":46,"column":6},"end":{"line":46,"column":null}},"32":{"start":{"line":49,"column":4},"end":{"line":49,"column":null}},"33":{"start":{"line":51,"column":4},"end":{"line":55,"column":null}},"34":{"start":{"line":52,"column":6},"end":{"line":52,"column":null}},"35":{"start":{"line":54,"column":6},"end":{"line":54,"column":null}},"36":{"start":{"line":57,"column":4},"end":{"line":57,"column":null}},"37":{"start":{"line":60,"column":9},"end":{"line":83,"column":null}},"38":{"start":{"line":60,"column":68},"end":{"line":83,"column":null}},"39":{"start":{"line":61,"column":27},"end":{"line":61,"column":46}},"40":{"start":{"line":63,"column":4},"end":{"line":67,"column":null}},"41":{"start":{"line":64,"column":6},"end":{"line":64,"column":null}},"42":{"start":{"line":66,"column":6},"end":{"line":66,"column":null}},"43":{"start":{"line":69,"column":4},"end":{"line":73,"column":null}},"44":{"start":{"line":70,"column":6},"end":{"line":70,"column":null}},"45":{"start":{"line":72,"column":6},"end":{"line":72,"column":null}},"46":{"start":{"line":75,"column":4},"end":{"line":80,"column":null}},"47":{"start":{"line":76,"column":6},"end":{"line":76,"column":null}},"48":{"start":{"line":76,"column":56},"end":{"line":76,"column":73}},"49":{"start":{"line":77,"column":6},"end":{"line":77,"column":null}},"50":{"start":{"line":79,"column":6},"end":{"line":79,"column":null}},"51":{"start":{"line":82,"column":4},"end":{"line":82,"column":null}}},"fnMap":{"0":{"name":"(anonymous_7)","decl":{"start":{"line":9,"column":15},"end":{"line":9,"column":39}},"loc":{"start":{"line":9,"column":41},"end":{"line":15,"column":null}}},"1":{"name":"(anonymous_8)","decl":{"start":{"line":9,"column":41},"end":{"line":9,"column":null}},"loc":{"start":{"line":9,"column":41},"end":{"line":15,"column":3}}},"2":{"name":"(anonymous_9)","decl":{"start":{"line":17,"column":18},"end":{"line":17,"column":42}},"loc":{"start":{"line":17,"column":44},"end":{"line":26,"column":null}}},"3":{"name":"(anonymous_10)","decl":{"start":{"line":17,"column":44},"end":{"line":17,"column":null}},"loc":{"start":{"line":17,"column":44},"end":{"line":26,"column":3}}},"4":{"name":"(anonymous_11)","decl":{"start":{"line":28,"column":22},"end":{"line":28,"column":29}},"loc":{"start":{"line":28,"column":83},"end":{"line":58,"column":null}}},"5":{"name":"(anonymous_12)","decl":{"start":{"line":28,"column":83},"end":{"line":28,"column":null}},"loc":{"start":{"line":28,"column":83},"end":{"line":58,"column":3}}},"6":{"name":"(anonymous_13)","decl":{"start":{"line":60,"column":25},"end":{"line":60,"column":32}},"loc":{"start":{"line":60,"column":68},"end":{"line":83,"column":null}}},"7":{"name":"(anonymous_14)","decl":{"start":{"line":60,"column":68},"end":{"line":60,"column":null}},"loc":{"start":{"line":60,"column":68},"end":{"line":83,"column":3}}},"8":{"name":"(anonymous_15)","decl":{"start":{"line":76,"column":51},"end":{"line":76,"column":52}},"loc":{"start":{"line":76,"column":56},"end":{"line":76,"column":73}}}},"branchMap":{"0":{"loc":{"start":{"line":19,"column":4},"end":{"line":19,"column":null}},"type":"if","locations":[{"start":{"line":19,"column":4},"end":{"line":19,"column":null}}]},"1":{"loc":{"start":{"line":43,"column":4},"end":{"line":43,"column":null}},"type":"if","locations":[{"start":{"line":43,"column":4},"end":{"line":43,"column":null}}]},"2":{"loc":{"start":{"line":45,"column":4},"end":{"line":47,"column":null}},"type":"if","locations":[{"start":{"line":45,"column":4},"end":{"line":47,"column":null}}]}},"s":{"0":2,"1":2,"2":2,"3":2,"4":2,"5":2,"6":1,"7":1,"8":1,"9":0,"10":2,"11":2,"12":2,"13":2,"14":0,"15":2,"16":2,"17":2,"18":0,"19":2,"20":3,"21":3,"22":3,"23":3,"24":0,"25":3,"26":3,"27":1,"28":2,"29":0,"30":2,"31":1,"32":1,"33":1,"34":1,"35":0,"36":1,"37":2,"38":1,"39":1,"40":1,"41":1,"42":0,"43":1,"44":1,"45":0,"46":1,"47":1,"48":1,"49":1,"50":0,"51":1},"f":{"0":1,"1":1,"2":2,"3":2,"4":3,"5":3,"6":1,"7":1,"8":1},"b":{"0":[0],"1":[0],"2":[1]}}
,"D:\\DEV\\M2\\TestUnitaires\\UnitTestFinalProject\\backend\\src\\services\\ProductService.ts": {"path":"D:\\DEV\\M2\\TestUnitaires\\UnitTestFinalProject\\backend\\src\\services\\ProductService.ts","statementMap":{"0":{"start":{"line":1,"column":0},"end":{"line":1,"column":39}},"1":{"start":{"line":2,"column":0},"end":{"line":2,"column":45}},"2":{"start":{"line":3,"column":0},"end":{"line":3,"column":53}},"3":{"start":{"line":4,"column":0},"end":{"line":4,"column":25}},"4":{"start":{"line":6,"column":0},"end":{"line":6,"column":13}},"5":{"start":{"line":8,"column":9},"end":{"line":14,"column":null}},"6":{"start":{"line":8,"column":49},"end":{"line":14,"column":null}},"7":{"start":{"line":9,"column":4},"end":{"line":13,"column":null}},"8":{"start":{"line":10,"column":6},"end":{"line":10,"column":null}},"9":{"start":{"line":12,"column":6},"end":{"line":12,"column":null}},"10":{"start":{"line":16,"column":9},"end":{"line":22,"column":null}},"11":{"start":{"line":16,"column":57},"end":{"line":22,"column":null}},"12":{"start":{"line":17,"column":4},"end":{"line":21,"column":null}},"13":{"start":{"line":18,"column":6},"end":{"line":18,"column":null}},"14":{"start":{"line":20,"column":6},"end":{"line":20,"column":null}},"15":{"start":{"line":24,"column":9},"end":{"line":44,"column":null}},"16":{"start":{"line":24,"column":46},"end":{"line":44,"column":null}},"17":{"start":{"line":25,"column":4},"end":{"line":25,"column":64}},"18":{"start":{"line":25,"column":58},"end":{"line":25,"column":64}},"19":{"start":{"line":26,"column":4},"end":{"line":43,"column":null}},"20":{"start":{"line":27,"column":23},"end":{"line":27,"column":83}},"21":{"start":{"line":28,"column":25},"end":{"line":28,"column":46}},"22":{"start":{"line":29,"column":21},"end":{"line":29,"column":55}},"23":{"start":{"line":30,"column":24},"end":{"line":30,"column":45}},"24":{"start":{"line":32,"column":6},"end":{"line":39,"column":null}},"25":{"start":{"line":33,"column":8},"end":{"line":38,"column":null}},"26":{"start":{"line":42,"column":6},"end":{"line":42,"column":null}},"27":{"start":{"line":45,"column":9},"end":{"line":51,"column":null}},"28":{"start":{"line":45,"column":75},"end":{"line":51,"column":null}},"29":{"start":{"line":46,"column":4},"end":{"line":50,"column":null}},"30":{"start":{"line":47,"column":6},"end":{"line":47,"column":null}},"31":{"start":{"line":49,"column":6},"end":{"line":49,"column":null}}},"fnMap":{"0":{"name":"(anonymous_7)","decl":{"start":{"line":8,"column":18},"end":{"line":8,"column":47}},"loc":{"start":{"line":8,"column":49},"end":{"line":14,"column":null}}},"1":{"name":"(anonymous_8)","decl":{"start":{"line":8,"column":49},"end":{"line":8,"column":null}},"loc":{"start":{"line":8,"column":49},"end":{"line":14,"column":3}}},"2":{"name":"(anonymous_9)","decl":{"start":{"line":16,"column":18},"end":{"line":16,"column":25}},"loc":{"start":{"line":16,"column":57},"end":{"line":22,"column":null}}},"3":{"name":"(anonymous_10)","decl":{"start":{"line":16,"column":57},"end":{"line":16,"column":null}},"loc":{"start":{"line":16,"column":57},"end":{"line":22,"column":3}}},"4":{"name":"(anonymous_11)","decl":{"start":{"line":24,"column":21},"end":{"line":24,"column":44}},"loc":{"start":{"line":24,"column":46},"end":{"line":44,"column":null}}},"5":{"name":"(anonymous_12)","decl":{"start":{"line":24,"column":46},"end":{"line":24,"column":null}},"loc":{"start":{"line":24,"column":46},"end":{"line":44,"column":3}}},"6":{"name":"(anonymous_13)","decl":{"start":{"line":45,"column":21},"end":{"line":45,"column":28}},"loc":{"start":{"line":45,"column":75},"end":{"line":51,"column":null}}},"7":{"name":"(anonymous_14)","decl":{"start":{"line":45,"column":75},"end":{"line":45,"column":null}},"loc":{"start":{"line":45,"column":75},"end":{"line":51,"column":3}}}},"branchMap":{"0":{"loc":{"start":{"line":25,"column":4},"end":{"line":25,"column":64}},"type":"if","locations":[{"start":{"line":25,"column":4},"end":{"line":25,"column":64}}]}},"s":{"0":2,"1":2,"2":2,"3":2,"4":2,"5":2,"6":1,"7":1,"8":1,"9":0,"10":2,"11":6,"12":6,"13":6,"14":2,"15":2,"16":2,"17":2,"18":0,"19":2,"20":2,"21":2,"22":2,"23":2,"24":2,"25":4,"26":0,"27":2,"28":6,"29":6,"30":6,"31":0},"f":{"0":1,"1":1,"2":6,"3":6,"4":2,"5":2,"6":6,"7":6},"b":{"0":[0]}}
}
