TN:
SF:src\connection.ts
FN:4,(anonymous_7)
FN:8,(anonymous_9)
FN:12,(anonymous_11)
FN:15,(anonymous_13)
FN:15,(anonymous_14)
FNF:5
FNH:5
FNDA:2,(anonymous_7)
FNDA:2,(anonymous_9)
FNDA:2,(anonymous_11)
FNDA:6,(anonymous_13)
FNDA:6,(anonymous_14)
DA:1,2
DA:3,2
DA:5,2
DA:9,2
DA:13,2
DA:14,2
DA:15,6
DA:16,6
DA:17,6
DA:21,2
LF:10
LH:10
BRF:0
BRH:0
end_of_record
TN:
SF:src\mockServer.ts
FN:7,(anonymous_0)
FNF:1
FNH:1
FNDA:2,(anonymous_0)
DA:1,2
DA:2,2
DA:4,2
DA:8,2
DA:18,2
LF:5
LH:5
BRF:0
BRH:0
end_of_record
TN:
SF:src\entities\cart.ts
FN:14,(anonymous_2)
FN:10,(anonymous_3)
FNF:2
FNH:2
FNDA:15,(anonymous_2)
FNDA:2,(anonymous_3)
DA:1,2
DA:2,2
DA:5,2
DA:8,2
DA:10,2
DA:12,2
LF:6
LH:6
BRF:0
BRH:0
end_of_record
TN:
SF:src\entities\product.ts
FN:27,(anonymous_2)
FNF:1
FNH:1
FNDA:21,(anonymous_2)
DA:1,2
DA:2,2
DA:6,2
DA:9,2
DA:13,2
DA:17,2
DA:21,2
DA:25,2
LF:8
LH:8
BRDA:27,0,0,21
BRF:1
BRH:1
end_of_record
TN:
SF:src\models\error\httpError.ts
FN:7,(anonymous_0)
FNF:1
FNH:1
FNDA:4,(anonymous_0)
DA:1,2
DA:8,4
DA:9,4
DA:10,4
LF:4
LH:4
BRF:0
BRH:0
end_of_record
TN:
SF:src\services\CartService.ts
FN:9,(anonymous_7)
FN:9,(anonymous_8)
FN:17,(anonymous_9)
FN:17,(anonymous_10)
FN:28,(anonymous_11)
FN:28,(anonymous_12)
FN:60,(anonymous_13)
FN:60,(anonymous_14)
FN:76,(anonymous_15)
FNF:9
FNH:9
FNDA:1,(anonymous_7)
FNDA:1,(anonymous_8)
FNDA:2,(anonymous_9)
FNDA:2,(anonymous_10)
FNDA:3,(anonymous_11)
FNDA:3,(anonymous_12)
FNDA:1,(anonymous_13)
FNDA:1,(anonymous_14)
FNDA:1,(anonymous_15)
DA:1,2
DA:2,2
DA:4,2
DA:5,2
DA:7,2
DA:9,2
DA:10,1
DA:11,1
DA:13,0
DA:17,2
DA:18,2
DA:19,2
DA:20,2
DA:21,2
DA:22,2
DA:24,0
DA:28,3
DA:29,3
DA:31,3
DA:32,3
DA:34,0
DA:37,3
DA:38,3
DA:40,1
DA:43,2
DA:45,2
DA:46,1
DA:49,1
DA:51,1
DA:52,1
DA:54,0
DA:57,1
DA:60,2
DA:61,1
DA:63,1
DA:64,1
DA:66,0
DA:69,1
DA:70,1
DA:72,0
DA:75,1
DA:76,1
DA:77,1
DA:79,0
DA:82,1
LF:45
LH:38
BRDA:19,0,0,0
BRDA:43,1,0,0
BRDA:45,2,0,1
BRF:3
BRH:1
end_of_record
TN:
SF:src\services\ProductService.ts
FN:8,(anonymous_7)
FN:8,(anonymous_8)
FN:16,(anonymous_9)
FN:16,(anonymous_10)
FN:24,(anonymous_11)
FN:24,(anonymous_12)
FN:45,(anonymous_13)
FN:45,(anonymous_14)
FNF:8
FNH:8
FNDA:1,(anonymous_7)
FNDA:1,(anonymous_8)
FNDA:6,(anonymous_9)
FNDA:6,(anonymous_10)
FNDA:2,(anonymous_11)
FNDA:2,(anonymous_12)
FNDA:6,(anonymous_13)
FNDA:6,(anonymous_14)
DA:1,2
DA:2,2
DA:3,2
DA:4,2
DA:6,2
DA:8,2
DA:9,1
DA:10,1
DA:12,0
DA:16,6
DA:17,6
DA:18,6
DA:20,2
DA:24,2
DA:25,2
DA:26,2
DA:27,2
DA:28,2
DA:29,2
DA:30,2
DA:32,2
DA:33,4
DA:42,0
DA:45,6
DA:46,6
DA:47,6
DA:49,0
LF:27
LH:24
BRDA:25,0,0,0
BRF:1
BRH:0
end_of_record
